CRITICAL - 2026-04-28 05:24:19 --> CodeIgniter\View\Exceptions\ViewException: Invalid file: "welcome_message.php"
[Method: GET, Route: /]
in SYSTEMPATH/Exceptions/FrameworkException.php on line 39.
 1 SYSTEMPATH/View/View.php(228): CodeIgniter\Exceptions\FrameworkException::forInvalidFile()
 2 SYSTEMPATH/Common.php(1250): CodeIgniter\View\View->render()
 3 APPPATH/Controllers/Home.php(9): view()
 4 SYSTEMPATH/CodeIgniter.php(951): App\Controllers\Home->index()
 5 SYSTEMPATH/CodeIgniter.php(497): CodeIgniter\CodeIgniter->runController()
 6 SYSTEMPATH/CodeIgniter.php(340): CodeIgniter\CodeIgniter->handleRequest()
 7 SYSTEMPATH/Boot.php(417): CodeIgniter\CodeIgniter->run()
 8 SYSTEMPATH/Boot.php(68): CodeIgniter\Boot::runCodeIgniter()
 9 FCPATH/index.php(59): CodeIgniter\Boot::bootWeb()
<<<<<<< Updated upstream
CRITICAL - 2026-04-28 07:09:44 --> Error: Class "App\Controllers\UserModel" not found
[Method: POST, Route: loginPost]
in APPPATH/Controllers/Auth.php on line 17.
 1 SYSTEMPATH/CodeIgniter.php(951): App\Controllers\Auth->loginPost()
 2 SYSTEMPATH/CodeIgniter.php(497): CodeIgniter\CodeIgniter->runController()
 3 SYSTEMPATH/CodeIgniter.php(340): CodeIgniter\CodeIgniter->handleRequest()
 4 SYSTEMPATH/Boot.php(417): CodeIgniter\CodeIgniter->run()
 5 SYSTEMPATH/Boot.php(68): CodeIgniter\Boot::runCodeIgniter()
 6 FCPATH/index.php(59): CodeIgniter\Boot::bootWeb()
=======
ERROR - 2026-04-28 07:00:37 --> Error connecting to the database: mysqli_sql_exception: No such file or directory in /home/maneva/S4-Maneva/food/food_ini/system/Database/MySQLi/Connection.php:201
Stack trace:
#0 /home/maneva/S4-Maneva/food/food_ini/system/Database/MySQLi/Connection.php(201): mysqli->real_connect()
#1 /home/maneva/S4-Maneva/food/food_ini/system/Database/BaseConnection.php(555): CodeIgniter\Database\MySQLi\Connection->connect()
#2 /home/maneva/S4-Maneva/food/food_ini/system/Database/BaseConnection.php(795): CodeIgniter\Database\BaseConnection->initialize()
#3 /home/maneva/S4-Maneva/food/food_ini/system/Database/BaseBuilder.php(1649): CodeIgniter\Database\BaseConnection->query()
#4 /home/maneva/S4-Maneva/food/food_ini/system/Model.php(253): CodeIgniter\Database\BaseBuilder->get()
#5 /home/maneva/S4-Maneva/food/food_ini/system/BaseModel.php(676): CodeIgniter\Model->doFindAll()
#6 /home/maneva/S4-Maneva/food/food_ini/app/Controllers/FoodController.php(11): CodeIgniter\BaseModel->findAll()
#7 /home/maneva/S4-Maneva/food/food_ini/system/CodeIgniter.php(951): App\Controllers\FoodController->index()
#8 /home/maneva/S4-Maneva/food/food_ini/system/CodeIgniter.php(497): CodeIgniter\CodeIgniter->runController()
#9 /home/maneva/S4-Maneva/food/food_ini/system/CodeIgniter.php(340): CodeIgniter\CodeIgniter->handleRequest()
#10 /home/maneva/S4-Maneva/food/food_ini/system/Boot.php(417): CodeIgniter\CodeIgniter->run()
#11 /home/maneva/S4-Maneva/food/food_ini/system/Boot.php(68): CodeIgniter\Boot::runCodeIgniter()
#12 /home/maneva/S4-Maneva/food/food_ini/public/index.php(59): CodeIgniter\Boot::bootWeb()
#13 {main}

Next CodeIgniter\Database\Exceptions\DatabaseException: No such file or directory in /home/maneva/S4-Maneva/food/food_ini/system/Database/MySQLi/Connection.php:231
Stack trace:
#0 /home/maneva/S4-Maneva/food/food_ini/system/Database/BaseConnection.php(555): CodeIgniter\Database\MySQLi\Connection->connect()
#1 /home/maneva/S4-Maneva/food/food_ini/system/Database/BaseConnection.php(795): CodeIgniter\Database\BaseConnection->initialize()
#2 /home/maneva/S4-Maneva/food/food_ini/system/Database/BaseBuilder.php(1649): CodeIgniter\Database\BaseConnection->query()
#3 /home/maneva/S4-Maneva/food/food_ini/system/Model.php(253): CodeIgniter\Database\BaseBuilder->get()
#4 /home/maneva/S4-Maneva/food/food_ini/system/BaseModel.php(676): CodeIgniter\Model->doFindAll()
#5 /home/maneva/S4-Maneva/food/food_ini/app/Controllers/FoodController.php(11): CodeIgniter\BaseModel->findAll()
#6 /home/maneva/S4-Maneva/food/food_ini/system/CodeIgniter.php(951): App\Controllers\FoodController->index()
#7 /home/maneva/S4-Maneva/food/food_ini/system/CodeIgniter.php(497): CodeIgniter\CodeIgniter->runController()
#8 /home/maneva/S4-Maneva/food/food_ini/system/CodeIgniter.php(340): CodeIgniter\CodeIgniter->handleRequest()
#9 /home/maneva/S4-Maneva/food/food_ini/system/Boot.php(417): CodeIgniter\CodeIgniter->run()
#10 /home/maneva/S4-Maneva/food/food_ini/system/Boot.php(68): CodeIgniter\Boot::runCodeIgniter()
#11 /home/maneva/S4-Maneva/food/food_ini/public/index.php(59): CodeIgniter\Boot::bootWeb()
#12 {main}
CRITICAL - 2026-04-28 07:00:37 --> CodeIgniter\Database\Exceptions\DatabaseException: Unable to connect to the database.
Main connection [MySQLi]: No such file or directory
[Method: GET, Route: home]
in SYSTEMPATH/Database/BaseConnection.php on line 606.
 1 SYSTEMPATH/Database/BaseConnection.php(795): CodeIgniter\Database\BaseConnection->initialize()
 2 SYSTEMPATH/Database/BaseBuilder.php(1649): CodeIgniter\Database\BaseConnection->query()
 3 SYSTEMPATH/Model.php(253): CodeIgniter\Database\BaseBuilder->get()
 4 SYSTEMPATH/BaseModel.php(676): CodeIgniter\Model->doFindAll()
 5 APPPATH/Controllers/FoodController.php(11): CodeIgniter\BaseModel->findAll()
 6 SYSTEMPATH/CodeIgniter.php(951): App\Controllers\FoodController->index()
 7 SYSTEMPATH/CodeIgniter.php(497): CodeIgniter\CodeIgniter->runController()
 8 SYSTEMPATH/CodeIgniter.php(340): CodeIgniter\CodeIgniter->handleRequest()
 9 SYSTEMPATH/Boot.php(417): CodeIgniter\CodeIgniter->run()
10 SYSTEMPATH/Boot.php(68): CodeIgniter\Boot::runCodeIgniter()
11 FCPATH/index.php(59): CodeIgniter\Boot::bootWeb()
CRITICAL - 2026-04-28 07:01:52 --> ErrorException: Undefined variable $foods
[Method: GET, Route: home]
in APPPATH/Views/home.php on line 59.
 1 APPPATH/Views/home.php(59): CodeIgniter\Debug\Exceptions->errorHandler()
 2 SYSTEMPATH/View/View.php(240): include('/home/maneva/S4-Maneva/food/food_ini/app/Views/home.php')
 3 SYSTEMPATH/View/View.php(243): CodeIgniter\View\View->CodeIgniter\View\{closure}()
 4 SYSTEMPATH/Common.php(1250): CodeIgniter\View\View->render()
 5 APPPATH/Controllers/Food.php(17): view()
 6 SYSTEMPATH/CodeIgniter.php(951): App\Controllers\Food->home()
 7 SYSTEMPATH/CodeIgniter.php(497): CodeIgniter\CodeIgniter->runController()
 8 SYSTEMPATH/CodeIgniter.php(340): CodeIgniter\CodeIgniter->handleRequest()
 9 SYSTEMPATH/Boot.php(417): CodeIgniter\CodeIgniter->run()
10 SYSTEMPATH/Boot.php(68): CodeIgniter\Boot::runCodeIgniter()
11 FCPATH/index.php(59): CodeIgniter\Boot::bootWeb()
CRITICAL - 2026-04-28 07:01:53 --> ErrorException: Undefined variable $foods
[Method: GET, Route: home]
in APPPATH/Views/home.php on line 59.
 1 APPPATH/Views/home.php(59): CodeIgniter\Debug\Exceptions->errorHandler()
 2 SYSTEMPATH/View/View.php(240): include('/home/maneva/S4-Maneva/food/food_ini/app/Views/home.php')
 3 SYSTEMPATH/View/View.php(243): CodeIgniter\View\View->CodeIgniter\View\{closure}()
 4 SYSTEMPATH/Common.php(1250): CodeIgniter\View\View->render()
 5 APPPATH/Controllers/Food.php(17): view()
 6 SYSTEMPATH/CodeIgniter.php(951): App\Controllers\Food->home()
 7 SYSTEMPATH/CodeIgniter.php(497): CodeIgniter\CodeIgniter->runController()
 8 SYSTEMPATH/CodeIgniter.php(340): CodeIgniter\CodeIgniter->handleRequest()
 9 SYSTEMPATH/Boot.php(417): CodeIgniter\CodeIgniter->run()
10 SYSTEMPATH/Boot.php(68): CodeIgniter\Boot::runCodeIgniter()
11 FCPATH/index.php(59): CodeIgniter\Boot::bootWeb()
CRITICAL - 2026-04-28 07:02:26 --> ErrorException: Undefined variable $foods
[Method: GET, Route: home]
in APPPATH/Views/home.php on line 59.
 1 APPPATH/Views/home.php(59): CodeIgniter\Debug\Exceptions->errorHandler()
 2 SYSTEMPATH/View/View.php(240): include('/home/maneva/S4-Maneva/food/food_ini/app/Views/home.php')
 3 SYSTEMPATH/View/View.php(243): CodeIgniter\View\View->CodeIgniter\View\{closure}()
 4 SYSTEMPATH/Common.php(1250): CodeIgniter\View\View->render()
 5 APPPATH/Controllers/Food.php(17): view()
 6 SYSTEMPATH/CodeIgniter.php(951): App\Controllers\Food->home()
 7 SYSTEMPATH/CodeIgniter.php(497): CodeIgniter\CodeIgniter->runController()
 8 SYSTEMPATH/CodeIgniter.php(340): CodeIgniter\CodeIgniter->handleRequest()
 9 SYSTEMPATH/Boot.php(417): CodeIgniter\CodeIgniter->run()
10 SYSTEMPATH/Boot.php(68): CodeIgniter\Boot::runCodeIgniter()
11 FCPATH/index.php(59): CodeIgniter\Boot::bootWeb()
>>>>>>> Stashed changes
CRITICAL - 2026-04-28 07:55:55 --> Error: Class "Food" not found
[Method: GET, Route: register]
in APPPATH/Config/Routes.php on line 18.
 1 SYSTEMPATH/Router/RouteCollection.php(339): require()
 2 SYSTEMPATH/CodeIgniter.php(818): CodeIgniter\Router\RouteCollection->loadRoutes()
 3 SYSTEMPATH/CodeIgniter.php(441): CodeIgniter\CodeIgniter->tryToRouteIt()
 4 SYSTEMPATH/CodeIgniter.php(340): CodeIgniter\CodeIgniter->handleRequest()
 5 SYSTEMPATH/Boot.php(417): CodeIgniter\CodeIgniter->run()
 6 SYSTEMPATH/Boot.php(68): CodeIgniter\Boot::runCodeIgniter()
 7 FCPATH/index.php(59): CodeIgniter\Boot::bootWeb()
CRITICAL - 2026-04-28 07:55:56 --> Error: Class "Food" not found
[Method: GET, Route: register]
in APPPATH/Config/Routes.php on line 18.
 1 SYSTEMPATH/Router/RouteCollection.php(339): require()
 2 SYSTEMPATH/CodeIgniter.php(818): CodeIgniter\Router\RouteCollection->loadRoutes()
 3 SYSTEMPATH/CodeIgniter.php(441): CodeIgniter\CodeIgniter->tryToRouteIt()
 4 SYSTEMPATH/CodeIgniter.php(340): CodeIgniter\CodeIgniter->handleRequest()
 5 SYSTEMPATH/Boot.php(417): CodeIgniter\CodeIgniter->run()
 6 SYSTEMPATH/Boot.php(68): CodeIgniter\Boot::runCodeIgniter()
 7 FCPATH/index.php(59): CodeIgniter\Boot::bootWeb()
CRITICAL - 2026-04-28 07:56:47 --> Error: Class "Auth" not found
[Method: GET, Route: register]
in APPPATH/Config/Routes.php on line 12.
 1 SYSTEMPATH/Router/RouteCollection.php(339): require()
 2 SYSTEMPATH/CodeIgniter.php(818): CodeIgniter\Router\RouteCollection->loadRoutes()
 3 SYSTEMPATH/CodeIgniter.php(441): CodeIgniter\CodeIgniter->tryToRouteIt()
 4 SYSTEMPATH/CodeIgniter.php(340): CodeIgniter\CodeIgniter->handleRequest()
 5 SYSTEMPATH/Boot.php(417): CodeIgniter\CodeIgniter->run()
 6 SYSTEMPATH/Boot.php(68): CodeIgniter\Boot::runCodeIgniter()
 7 FCPATH/index.php(59): CodeIgniter\Boot::bootWeb()
CRITICAL - 2026-04-28 07:56:48 --> Error: Class "Auth" not found
[Method: GET, Route: register]
in APPPATH/Config/Routes.php on line 12.
 1 SYSTEMPATH/Router/RouteCollection.php(339): require()
 2 SYSTEMPATH/CodeIgniter.php(818): CodeIgniter\Router\RouteCollection->loadRoutes()
 3 SYSTEMPATH/CodeIgniter.php(441): CodeIgniter\CodeIgniter->tryToRouteIt()
 4 SYSTEMPATH/CodeIgniter.php(340): CodeIgniter\CodeIgniter->handleRequest()
 5 SYSTEMPATH/Boot.php(417): CodeIgniter\CodeIgniter->run()
 6 SYSTEMPATH/Boot.php(68): CodeIgniter\Boot::runCodeIgniter()
 7 FCPATH/index.php(59): CodeIgniter\Boot::bootWeb()
CRITICAL - 2026-04-28 07:56:48 --> Error: Class "Auth" not found
[Method: GET, Route: register]
in APPPATH/Config/Routes.php on line 12.
 1 SYSTEMPATH/Router/RouteCollection.php(339): require()
 2 SYSTEMPATH/CodeIgniter.php(818): CodeIgniter\Router\RouteCollection->loadRoutes()
 3 SYSTEMPATH/CodeIgniter.php(441): CodeIgniter\CodeIgniter->tryToRouteIt()
 4 SYSTEMPATH/CodeIgniter.php(340): CodeIgniter\CodeIgniter->handleRequest()
 5 SYSTEMPATH/Boot.php(417): CodeIgniter\CodeIgniter->run()
 6 SYSTEMPATH/Boot.php(68): CodeIgniter\Boot::runCodeIgniter()
 7 FCPATH/index.php(59): CodeIgniter\Boot::bootWeb()
CRITICAL - 2026-04-28 07:56:48 --> Error: Class "Auth" not found
[Method: GET, Route: register]
in APPPATH/Config/Routes.php on line 12.
 1 SYSTEMPATH/Router/RouteCollection.php(339): require()
 2 SYSTEMPATH/CodeIgniter.php(818): CodeIgniter\Router\RouteCollection->loadRoutes()
 3 SYSTEMPATH/CodeIgniter.php(441): CodeIgniter\CodeIgniter->tryToRouteIt()
 4 SYSTEMPATH/CodeIgniter.php(340): CodeIgniter\CodeIgniter->handleRequest()
 5 SYSTEMPATH/Boot.php(417): CodeIgniter\CodeIgniter->run()
 6 SYSTEMPATH/Boot.php(68): CodeIgniter\Boot::runCodeIgniter()
 7 FCPATH/index.php(59): CodeIgniter\Boot::bootWeb()
CRITICAL - 2026-04-28 07:56:48 --> Error: Class "Auth" not found
[Method: GET, Route: register]
in APPPATH/Config/Routes.php on line 12.
 1 SYSTEMPATH/Router/RouteCollection.php(339): require()
 2 SYSTEMPATH/CodeIgniter.php(818): CodeIgniter\Router\RouteCollection->loadRoutes()
 3 SYSTEMPATH/CodeIgniter.php(441): CodeIgniter\CodeIgniter->tryToRouteIt()
 4 SYSTEMPATH/CodeIgniter.php(340): CodeIgniter\CodeIgniter->handleRequest()
 5 SYSTEMPATH/Boot.php(417): CodeIgniter\CodeIgniter->run()
 6 SYSTEMPATH/Boot.php(68): CodeIgniter\Boot::runCodeIgniter()
 7 FCPATH/index.php(59): CodeIgniter\Boot::bootWeb()
CRITICAL - 2026-04-28 07:56:48 --> Error: Class "Auth" not found
[Method: GET, Route: register]
in APPPATH/Config/Routes.php on line 12.
 1 SYSTEMPATH/Router/RouteCollection.php(339): require()
 2 SYSTEMPATH/CodeIgniter.php(818): CodeIgniter\Router\RouteCollection->loadRoutes()
 3 SYSTEMPATH/CodeIgniter.php(441): CodeIgniter\CodeIgniter->tryToRouteIt()
 4 SYSTEMPATH/CodeIgniter.php(340): CodeIgniter\CodeIgniter->handleRequest()
 5 SYSTEMPATH/Boot.php(417): CodeIgniter\CodeIgniter->run()
 6 SYSTEMPATH/Boot.php(68): CodeIgniter\Boot::runCodeIgniter()
 7 FCPATH/index.php(59): CodeIgniter\Boot::bootWeb()
CRITICAL - 2026-04-28 08:18:24 --> ErrorException: Undefined variable $db
[Method: POST, Route: insertUser]
in APPPATH/Controllers/Auth.php on line 42.
 1 APPPATH/Controllers/Auth.php(42): CodeIgniter\Debug\Exceptions->errorHandler()
 2 SYSTEMPATH/CodeIgniter.php(951): App\Controllers\Auth->insertUser()
 3 SYSTEMPATH/CodeIgniter.php(497): CodeIgniter\CodeIgniter->runController()
 4 SYSTEMPATH/CodeIgniter.php(340): CodeIgniter\CodeIgniter->handleRequest()
 5 SYSTEMPATH/Boot.php(417): CodeIgniter\CodeIgniter->run()
 6 SYSTEMPATH/Boot.php(68): CodeIgniter\Boot::runCodeIgniter()
 7 FCPATH/index.php(59): CodeIgniter\Boot::bootWeb()
CRITICAL - 2026-04-28 08:20:05 --> ArgumentCountError: password_hash() expects at least 2 arguments, 1 given
[Method: POST, Route: insertUser]
in APPPATH/Controllers/Auth.php on line 45.
 1 APPPATH/Controllers/Auth.php(45): password_hash()
 2 SYSTEMPATH/CodeIgniter.php(951): App\Controllers\Auth->insertUser()
 3 SYSTEMPATH/CodeIgniter.php(497): CodeIgniter\CodeIgniter->runController()
 4 SYSTEMPATH/CodeIgniter.php(340): CodeIgniter\CodeIgniter->handleRequest()
 5 SYSTEMPATH/Boot.php(417): CodeIgniter\CodeIgniter->run()
 6 SYSTEMPATH/Boot.php(68): CodeIgniter\Boot::runCodeIgniter()
 7 FCPATH/index.php(59): CodeIgniter\Boot::bootWeb()
CRITICAL - 2026-04-28 08:20:32 --> ArgumentCountError: password_hash() expects at least 2 arguments, 1 given
[Method: POST, Route: insertUser]
in APPPATH/Controllers/Auth.php on line 45.
 1 APPPATH/Controllers/Auth.php(45): password_hash()
 2 SYSTEMPATH/CodeIgniter.php(951): App\Controllers\Auth->insertUser()
 3 SYSTEMPATH/CodeIgniter.php(497): CodeIgniter\CodeIgniter->runController()
 4 SYSTEMPATH/CodeIgniter.php(340): CodeIgniter\CodeIgniter->handleRequest()
 5 SYSTEMPATH/Boot.php(417): CodeIgniter\CodeIgniter->run()
 6 SYSTEMPATH/Boot.php(68): CodeIgniter\Boot::runCodeIgniter()
 7 FCPATH/index.php(59): CodeIgniter\Boot::bootWeb()
CRITICAL - 2026-04-28 08:26:00 --> ErrorException: Undefined variable $model
[Method: POST, Route: insertUser]
in APPPATH/Controllers/Auth.php on line 55.
 1 APPPATH/Controllers/Auth.php(55): CodeIgniter\Debug\Exceptions->errorHandler()
 2 SYSTEMPATH/CodeIgniter.php(951): App\Controllers\Auth->insertUser()
 3 SYSTEMPATH/CodeIgniter.php(497): CodeIgniter\CodeIgniter->runController()
 4 SYSTEMPATH/CodeIgniter.php(340): CodeIgniter\CodeIgniter->handleRequest()
 5 SYSTEMPATH/Boot.php(417): CodeIgniter\CodeIgniter->run()
 6 SYSTEMPATH/Boot.php(68): CodeIgniter\Boot::runCodeIgniter()
 7 FCPATH/index.php(59): CodeIgniter\Boot::bootWeb()
ERROR - 2026-04-28 08:27:12 --> Error connecting to the database: mysqli_sql_exception: No such file or directory in /home/maneva/S4-Maneva/food/food_ini/system/Database/MySQLi/Connection.php:201
Stack trace:
#0 /home/maneva/S4-Maneva/food/food_ini/system/Database/MySQLi/Connection.php(201): mysqli->real_connect()
#1 /home/maneva/S4-Maneva/food/food_ini/system/Database/BaseConnection.php(555): CodeIgniter\Database\MySQLi\Connection->connect()
#2 /home/maneva/S4-Maneva/food/food_ini/system/Database/BaseConnection.php(795): CodeIgniter\Database\BaseConnection->initialize()
#3 /home/maneva/S4-Maneva/food/food_ini/system/Database/BaseBuilder.php(2345): CodeIgniter\Database\BaseConnection->query()
#4 /home/maneva/S4-Maneva/food/food_ini/system/Model.php(355): CodeIgniter\Database\BaseBuilder->insert()
#5 /home/maneva/S4-Maneva/food/food_ini/system/BaseModel.php(899): CodeIgniter\Model->doInsert()
#6 /home/maneva/S4-Maneva/food/food_ini/system/Model.php(668): CodeIgniter\BaseModel->insert()
#7 /home/maneva/S4-Maneva/food/food_ini/app/Controllers/Auth.php(55): CodeIgniter\Model->insert()
#8 /home/maneva/S4-Maneva/food/food_ini/system/CodeIgniter.php(951): App\Controllers\Auth->insertUser()
#9 /home/maneva/S4-Maneva/food/food_ini/system/CodeIgniter.php(497): CodeIgniter\CodeIgniter->runController()
#10 /home/maneva/S4-Maneva/food/food_ini/system/CodeIgniter.php(340): CodeIgniter\CodeIgniter->handleRequest()
#11 /home/maneva/S4-Maneva/food/food_ini/system/Boot.php(417): CodeIgniter\CodeIgniter->run()
#12 /home/maneva/S4-Maneva/food/food_ini/system/Boot.php(68): CodeIgniter\Boot::runCodeIgniter()
#13 /home/maneva/S4-Maneva/food/food_ini/public/index.php(59): CodeIgniter\Boot::bootWeb()
#14 {main}

Next CodeIgniter\Database\Exceptions\DatabaseException: No such file or directory in /home/maneva/S4-Maneva/food/food_ini/system/Database/MySQLi/Connection.php:231
Stack trace:
#0 /home/maneva/S4-Maneva/food/food_ini/system/Database/BaseConnection.php(555): CodeIgniter\Database\MySQLi\Connection->connect()
#1 /home/maneva/S4-Maneva/food/food_ini/system/Database/BaseConnection.php(795): CodeIgniter\Database\BaseConnection->initialize()
#2 /home/maneva/S4-Maneva/food/food_ini/system/Database/BaseBuilder.php(2345): CodeIgniter\Database\BaseConnection->query()
#3 /home/maneva/S4-Maneva/food/food_ini/system/Model.php(355): CodeIgniter\Database\BaseBuilder->insert()
#4 /home/maneva/S4-Maneva/food/food_ini/system/BaseModel.php(899): CodeIgniter\Model->doInsert()
#5 /home/maneva/S4-Maneva/food/food_ini/system/Model.php(668): CodeIgniter\BaseModel->insert()
#6 /home/maneva/S4-Maneva/food/food_ini/app/Controllers/Auth.php(55): CodeIgniter\Model->insert()
#7 /home/maneva/S4-Maneva/food/food_ini/system/CodeIgniter.php(951): App\Controllers\Auth->insertUser()
#8 /home/maneva/S4-Maneva/food/food_ini/system/CodeIgniter.php(497): CodeIgniter\CodeIgniter->runController()
#9 /home/maneva/S4-Maneva/food/food_ini/system/CodeIgniter.php(340): CodeIgniter\CodeIgniter->handleRequest()
#10 /home/maneva/S4-Maneva/food/food_ini/system/Boot.php(417): CodeIgniter\CodeIgniter->run()
#11 /home/maneva/S4-Maneva/food/food_ini/system/Boot.php(68): CodeIgniter\Boot::runCodeIgniter()
#12 /home/maneva/S4-Maneva/food/food_ini/public/index.php(59): CodeIgniter\Boot::bootWeb()
#13 {main}
CRITICAL - 2026-04-28 08:27:12 --> CodeIgniter\Database\Exceptions\DatabaseException: Unable to connect to the database.
Main connection [MySQLi]: No such file or directory
[Method: POST, Route: insertUser]
in SYSTEMPATH/Database/BaseConnection.php on line 606.
 1 SYSTEMPATH/Database/BaseConnection.php(795): CodeIgniter\Database\BaseConnection->initialize()
 2 SYSTEMPATH/Database/BaseBuilder.php(2345): CodeIgniter\Database\BaseConnection->query()
 3 SYSTEMPATH/Model.php(355): CodeIgniter\Database\BaseBuilder->insert()
 4 SYSTEMPATH/BaseModel.php(899): CodeIgniter\Model->doInsert()
 5 SYSTEMPATH/Model.php(668): CodeIgniter\BaseModel->insert()
 6 APPPATH/Controllers/Auth.php(55): CodeIgniter\Model->insert()
 7 SYSTEMPATH/CodeIgniter.php(951): App\Controllers\Auth->insertUser()
 8 SYSTEMPATH/CodeIgniter.php(497): CodeIgniter\CodeIgniter->runController()
 9 SYSTEMPATH/CodeIgniter.php(340): CodeIgniter\CodeIgniter->handleRequest()
10 SYSTEMPATH/Boot.php(417): CodeIgniter\CodeIgniter->run()
11 SYSTEMPATH/Boot.php(68): CodeIgniter\Boot::runCodeIgniter()
12 FCPATH/index.php(59): CodeIgniter\Boot::bootWeb()
ERROR - 2026-04-28 08:29:15 --> Error connecting to the database: mysqli_sql_exception: No such file or directory in /home/maneva/S4-Maneva/food/food_ini/system/Database/MySQLi/Connection.php:201
Stack trace:
#0 /home/maneva/S4-Maneva/food/food_ini/system/Database/MySQLi/Connection.php(201): mysqli->real_connect()
#1 /home/maneva/S4-Maneva/food/food_ini/system/Database/BaseConnection.php(555): CodeIgniter\Database\MySQLi\Connection->connect()
#2 /home/maneva/S4-Maneva/food/food_ini/system/Database/BaseConnection.php(795): CodeIgniter\Database\BaseConnection->initialize()
#3 /home/maneva/S4-Maneva/food/food_ini/system/Database/BaseBuilder.php(2345): CodeIgniter\Database\BaseConnection->query()
#4 /home/maneva/S4-Maneva/food/food_ini/system/Model.php(355): CodeIgniter\Database\BaseBuilder->insert()
#5 /home/maneva/S4-Maneva/food/food_ini/system/BaseModel.php(899): CodeIgniter\Model->doInsert()
#6 /home/maneva/S4-Maneva/food/food_ini/system/Model.php(668): CodeIgniter\BaseModel->insert()
#7 /home/maneva/S4-Maneva/food/food_ini/app/Controllers/Auth.php(55): CodeIgniter\Model->insert()
#8 /home/maneva/S4-Maneva/food/food_ini/system/CodeIgniter.php(951): App\Controllers\Auth->insertUser()
#9 /home/maneva/S4-Maneva/food/food_ini/system/CodeIgniter.php(497): CodeIgniter\CodeIgniter->runController()
#10 /home/maneva/S4-Maneva/food/food_ini/system/CodeIgniter.php(340): CodeIgniter\CodeIgniter->handleRequest()
#11 /home/maneva/S4-Maneva/food/food_ini/system/Boot.php(417): CodeIgniter\CodeIgniter->run()
#12 /home/maneva/S4-Maneva/food/food_ini/system/Boot.php(68): CodeIgniter\Boot::runCodeIgniter()
#13 /home/maneva/S4-Maneva/food/food_ini/public/index.php(59): CodeIgniter\Boot::bootWeb()
#14 {main}

Next CodeIgniter\Database\Exceptions\DatabaseException: No such file or directory in /home/maneva/S4-Maneva/food/food_ini/system/Database/MySQLi/Connection.php:231
Stack trace:
#0 /home/maneva/S4-Maneva/food/food_ini/system/Database/BaseConnection.php(555): CodeIgniter\Database\MySQLi\Connection->connect()
#1 /home/maneva/S4-Maneva/food/food_ini/system/Database/BaseConnection.php(795): CodeIgniter\Database\BaseConnection->initialize()
#2 /home/maneva/S4-Maneva/food/food_ini/system/Database/BaseBuilder.php(2345): CodeIgniter\Database\BaseConnection->query()
#3 /home/maneva/S4-Maneva/food/food_ini/system/Model.php(355): CodeIgniter\Database\BaseBuilder->insert()
#4 /home/maneva/S4-Maneva/food/food_ini/system/BaseModel.php(899): CodeIgniter\Model->doInsert()
#5 /home/maneva/S4-Maneva/food/food_ini/system/Model.php(668): CodeIgniter\BaseModel->insert()
#6 /home/maneva/S4-Maneva/food/food_ini/app/Controllers/Auth.php(55): CodeIgniter\Model->insert()
#7 /home/maneva/S4-Maneva/food/food_ini/system/CodeIgniter.php(951): App\Controllers\Auth->insertUser()
#8 /home/maneva/S4-Maneva/food/food_ini/system/CodeIgniter.php(497): CodeIgniter\CodeIgniter->runController()
#9 /home/maneva/S4-Maneva/food/food_ini/system/CodeIgniter.php(340): CodeIgniter\CodeIgniter->handleRequest()
#10 /home/maneva/S4-Maneva/food/food_ini/system/Boot.php(417): CodeIgniter\CodeIgniter->run()
#11 /home/maneva/S4-Maneva/food/food_ini/system/Boot.php(68): CodeIgniter\Boot::runCodeIgniter()
#12 /home/maneva/S4-Maneva/food/food_ini/public/index.php(59): CodeIgniter\Boot::bootWeb()
#13 {main}
CRITICAL - 2026-04-28 08:29:15 --> CodeIgniter\Database\Exceptions\DatabaseException: Unable to connect to the database.
Main connection [MySQLi]: No such file or directory
[Method: POST, Route: insertUser]
in SYSTEMPATH/Database/BaseConnection.php on line 606.
 1 SYSTEMPATH/Database/BaseConnection.php(795): CodeIgniter\Database\BaseConnection->initialize()
 2 SYSTEMPATH/Database/BaseBuilder.php(2345): CodeIgniter\Database\BaseConnection->query()
 3 SYSTEMPATH/Model.php(355): CodeIgniter\Database\BaseBuilder->insert()
 4 SYSTEMPATH/BaseModel.php(899): CodeIgniter\Model->doInsert()
 5 SYSTEMPATH/Model.php(668): CodeIgniter\BaseModel->insert()
 6 APPPATH/Controllers/Auth.php(55): CodeIgniter\Model->insert()
 7 SYSTEMPATH/CodeIgniter.php(951): App\Controllers\Auth->insertUser()
 8 SYSTEMPATH/CodeIgniter.php(497): CodeIgniter\CodeIgniter->runController()
 9 SYSTEMPATH/CodeIgniter.php(340): CodeIgniter\CodeIgniter->handleRequest()
10 SYSTEMPATH/Boot.php(417): CodeIgniter\CodeIgniter->run()
11 SYSTEMPATH/Boot.php(68): CodeIgniter\Boot::runCodeIgniter()
12 FCPATH/index.php(59): CodeIgniter\Boot::bootWeb()
ERROR - 2026-04-28 08:30:15 --> Error connecting to the database: mysqli_sql_exception: No such file or directory in /home/maneva/S4-Maneva/food/food_ini/system/Database/MySQLi/Connection.php:201
Stack trace:
#0 /home/maneva/S4-Maneva/food/food_ini/system/Database/MySQLi/Connection.php(201): mysqli->real_connect()
#1 /home/maneva/S4-Maneva/food/food_ini/system/Database/BaseConnection.php(555): CodeIgniter\Database\MySQLi\Connection->connect()
#2 /home/maneva/S4-Maneva/food/food_ini/system/Database/BaseConnection.php(795): CodeIgniter\Database\BaseConnection->initialize()
#3 /home/maneva/S4-Maneva/food/food_ini/system/Database/BaseBuilder.php(2345): CodeIgniter\Database\BaseConnection->query()
#4 /home/maneva/S4-Maneva/food/food_ini/system/Model.php(355): CodeIgniter\Database\BaseBuilder->insert()
#5 /home/maneva/S4-Maneva/food/food_ini/system/BaseModel.php(899): CodeIgniter\Model->doInsert()
#6 /home/maneva/S4-Maneva/food/food_ini/system/Model.php(668): CodeIgniter\BaseModel->insert()
#7 /home/maneva/S4-Maneva/food/food_ini/app/Controllers/Auth.php(55): CodeIgniter\Model->insert()
#8 /home/maneva/S4-Maneva/food/food_ini/system/CodeIgniter.php(951): App\Controllers\Auth->insertUser()
#9 /home/maneva/S4-Maneva/food/food_ini/system/CodeIgniter.php(497): CodeIgniter\CodeIgniter->runController()
#10 /home/maneva/S4-Maneva/food/food_ini/system/CodeIgniter.php(340): CodeIgniter\CodeIgniter->handleRequest()
#11 /home/maneva/S4-Maneva/food/food_ini/system/Boot.php(417): CodeIgniter\CodeIgniter->run()
#12 /home/maneva/S4-Maneva/food/food_ini/system/Boot.php(68): CodeIgniter\Boot::runCodeIgniter()
#13 /home/maneva/S4-Maneva/food/food_ini/public/index.php(59): CodeIgniter\Boot::bootWeb()
#14 {main}

Next CodeIgniter\Database\Exceptions\DatabaseException: No such file or directory in /home/maneva/S4-Maneva/food/food_ini/system/Database/MySQLi/Connection.php:231
Stack trace:
#0 /home/maneva/S4-Maneva/food/food_ini/system/Database/BaseConnection.php(555): CodeIgniter\Database\MySQLi\Connection->connect()
#1 /home/maneva/S4-Maneva/food/food_ini/system/Database/BaseConnection.php(795): CodeIgniter\Database\BaseConnection->initialize()
#2 /home/maneva/S4-Maneva/food/food_ini/system/Database/BaseBuilder.php(2345): CodeIgniter\Database\BaseConnection->query()
#3 /home/maneva/S4-Maneva/food/food_ini/system/Model.php(355): CodeIgniter\Database\BaseBuilder->insert()
#4 /home/maneva/S4-Maneva/food/food_ini/system/BaseModel.php(899): CodeIgniter\Model->doInsert()
#5 /home/maneva/S4-Maneva/food/food_ini/system/Model.php(668): CodeIgniter\BaseModel->insert()
#6 /home/maneva/S4-Maneva/food/food_ini/app/Controllers/Auth.php(55): CodeIgniter\Model->insert()
#7 /home/maneva/S4-Maneva/food/food_ini/system/CodeIgniter.php(951): App\Controllers\Auth->insertUser()
#8 /home/maneva/S4-Maneva/food/food_ini/system/CodeIgniter.php(497): CodeIgniter\CodeIgniter->runController()
#9 /home/maneva/S4-Maneva/food/food_ini/system/CodeIgniter.php(340): CodeIgniter\CodeIgniter->handleRequest()
#10 /home/maneva/S4-Maneva/food/food_ini/system/Boot.php(417): CodeIgniter\CodeIgniter->run()
#11 /home/maneva/S4-Maneva/food/food_ini/system/Boot.php(68): CodeIgniter\Boot::runCodeIgniter()
#12 /home/maneva/S4-Maneva/food/food_ini/public/index.php(59): CodeIgniter\Boot::bootWeb()
#13 {main}
CRITICAL - 2026-04-28 08:30:15 --> CodeIgniter\Database\Exceptions\DatabaseException: Unable to connect to the database.
Main connection [MySQLi]: No such file or directory
[Method: POST, Route: insertUser]
in SYSTEMPATH/Database/BaseConnection.php on line 606.
 1 SYSTEMPATH/Database/BaseConnection.php(795): CodeIgniter\Database\BaseConnection->initialize()
 2 SYSTEMPATH/Database/BaseBuilder.php(2345): CodeIgniter\Database\BaseConnection->query()
 3 SYSTEMPATH/Model.php(355): CodeIgniter\Database\BaseBuilder->insert()
 4 SYSTEMPATH/BaseModel.php(899): CodeIgniter\Model->doInsert()
 5 SYSTEMPATH/Model.php(668): CodeIgniter\BaseModel->insert()
 6 APPPATH/Controllers/Auth.php(55): CodeIgniter\Model->insert()
 7 SYSTEMPATH/CodeIgniter.php(951): App\Controllers\Auth->insertUser()
 8 SYSTEMPATH/CodeIgniter.php(497): CodeIgniter\CodeIgniter->runController()
 9 SYSTEMPATH/CodeIgniter.php(340): CodeIgniter\CodeIgniter->handleRequest()
10 SYSTEMPATH/Boot.php(417): CodeIgniter\CodeIgniter->run()
11 SYSTEMPATH/Boot.php(68): CodeIgniter\Boot::runCodeIgniter()
12 FCPATH/index.php(59): CodeIgniter\Boot::bootWeb()
ERROR - 2026-04-28 08:30:31 --> Error connecting to the database: mysqli_sql_exception: No such file or directory in /home/maneva/S4-Maneva/food/food_ini/system/Database/MySQLi/Connection.php:201
Stack trace:
#0 /home/maneva/S4-Maneva/food/food_ini/system/Database/MySQLi/Connection.php(201): mysqli->real_connect()
#1 /home/maneva/S4-Maneva/food/food_ini/system/Database/BaseConnection.php(555): CodeIgniter\Database\MySQLi\Connection->connect()
#2 /home/maneva/S4-Maneva/food/food_ini/system/Database/BaseConnection.php(795): CodeIgniter\Database\BaseConnection->initialize()
#3 /home/maneva/S4-Maneva/food/food_ini/system/Database/BaseBuilder.php(2345): CodeIgniter\Database\BaseConnection->query()
#4 /home/maneva/S4-Maneva/food/food_ini/system/Model.php(355): CodeIgniter\Database\BaseBuilder->insert()
#5 /home/maneva/S4-Maneva/food/food_ini/system/BaseModel.php(899): CodeIgniter\Model->doInsert()
#6 /home/maneva/S4-Maneva/food/food_ini/system/Model.php(668): CodeIgniter\BaseModel->insert()
#7 /home/maneva/S4-Maneva/food/food_ini/app/Controllers/Auth.php(55): CodeIgniter\Model->insert()
#8 /home/maneva/S4-Maneva/food/food_ini/system/CodeIgniter.php(951): App\Controllers\Auth->insertUser()
#9 /home/maneva/S4-Maneva/food/food_ini/system/CodeIgniter.php(497): CodeIgniter\CodeIgniter->runController()
#10 /home/maneva/S4-Maneva/food/food_ini/system/CodeIgniter.php(340): CodeIgniter\CodeIgniter->handleRequest()
#11 /home/maneva/S4-Maneva/food/food_ini/system/Boot.php(417): CodeIgniter\CodeIgniter->run()
#12 /home/maneva/S4-Maneva/food/food_ini/system/Boot.php(68): CodeIgniter\Boot::runCodeIgniter()
#13 /home/maneva/S4-Maneva/food/food_ini/public/index.php(59): CodeIgniter\Boot::bootWeb()
#14 {main}

Next CodeIgniter\Database\Exceptions\DatabaseException: No such file or directory in /home/maneva/S4-Maneva/food/food_ini/system/Database/MySQLi/Connection.php:231
Stack trace:
#0 /home/maneva/S4-Maneva/food/food_ini/system/Database/BaseConnection.php(555): CodeIgniter\Database\MySQLi\Connection->connect()
#1 /home/maneva/S4-Maneva/food/food_ini/system/Database/BaseConnection.php(795): CodeIgniter\Database\BaseConnection->initialize()
#2 /home/maneva/S4-Maneva/food/food_ini/system/Database/BaseBuilder.php(2345): CodeIgniter\Database\BaseConnection->query()
#3 /home/maneva/S4-Maneva/food/food_ini/system/Model.php(355): CodeIgniter\Database\BaseBuilder->insert()
#4 /home/maneva/S4-Maneva/food/food_ini/system/BaseModel.php(899): CodeIgniter\Model->doInsert()
#5 /home/maneva/S4-Maneva/food/food_ini/system/Model.php(668): CodeIgniter\BaseModel->insert()
#6 /home/maneva/S4-Maneva/food/food_ini/app/Controllers/Auth.php(55): CodeIgniter\Model->insert()
#7 /home/maneva/S4-Maneva/food/food_ini/system/CodeIgniter.php(951): App\Controllers\Auth->insertUser()
#8 /home/maneva/S4-Maneva/food/food_ini/system/CodeIgniter.php(497): CodeIgniter\CodeIgniter->runController()
#9 /home/maneva/S4-Maneva/food/food_ini/system/CodeIgniter.php(340): CodeIgniter\CodeIgniter->handleRequest()
#10 /home/maneva/S4-Maneva/food/food_ini/system/Boot.php(417): CodeIgniter\CodeIgniter->run()
#11 /home/maneva/S4-Maneva/food/food_ini/system/Boot.php(68): CodeIgniter\Boot::runCodeIgniter()
#12 /home/maneva/S4-Maneva/food/food_ini/public/index.php(59): CodeIgniter\Boot::bootWeb()
#13 {main}
CRITICAL - 2026-04-28 08:30:31 --> CodeIgniter\Database\Exceptions\DatabaseException: Unable to connect to the database.
Main connection [MySQLi]: No such file or directory
[Method: POST, Route: insertUser]
in SYSTEMPATH/Database/BaseConnection.php on line 606.
 1 SYSTEMPATH/Database/BaseConnection.php(795): CodeIgniter\Database\BaseConnection->initialize()
 2 SYSTEMPATH/Database/BaseBuilder.php(2345): CodeIgniter\Database\BaseConnection->query()
 3 SYSTEMPATH/Model.php(355): CodeIgniter\Database\BaseBuilder->insert()
 4 SYSTEMPATH/BaseModel.php(899): CodeIgniter\Model->doInsert()
 5 SYSTEMPATH/Model.php(668): CodeIgniter\BaseModel->insert()
 6 APPPATH/Controllers/Auth.php(55): CodeIgniter\Model->insert()
 7 SYSTEMPATH/CodeIgniter.php(951): App\Controllers\Auth->insertUser()
 8 SYSTEMPATH/CodeIgniter.php(497): CodeIgniter\CodeIgniter->runController()
 9 SYSTEMPATH/CodeIgniter.php(340): CodeIgniter\CodeIgniter->handleRequest()
10 SYSTEMPATH/Boot.php(417): CodeIgniter\CodeIgniter->run()
11 SYSTEMPATH/Boot.php(68): CodeIgniter\Boot::runCodeIgniter()
12 FCPATH/index.php(59): CodeIgniter\Boot::bootWeb()
ERROR - 2026-04-28 08:35:24 --> Error connecting to the database: mysqli_sql_exception: No such file or directory in /home/maneva/S4-Maneva/food/food_ini/system/Database/MySQLi/Connection.php:201
Stack trace:
#0 /home/maneva/S4-Maneva/food/food_ini/system/Database/MySQLi/Connection.php(201): mysqli->real_connect()
#1 /home/maneva/S4-Maneva/food/food_ini/system/Database/BaseConnection.php(555): CodeIgniter\Database\MySQLi\Connection->connect()
#2 /home/maneva/S4-Maneva/food/food_ini/system/Database/BaseConnection.php(795): CodeIgniter\Database\BaseConnection->initialize()
#3 /home/maneva/S4-Maneva/food/food_ini/system/Database/BaseBuilder.php(2345): CodeIgniter\Database\BaseConnection->query()
#4 /home/maneva/S4-Maneva/food/food_ini/system/Model.php(355): CodeIgniter\Database\BaseBuilder->insert()
#5 /home/maneva/S4-Maneva/food/food_ini/system/BaseModel.php(899): CodeIgniter\Model->doInsert()
#6 /home/maneva/S4-Maneva/food/food_ini/system/Model.php(668): CodeIgniter\BaseModel->insert()
#7 /home/maneva/S4-Maneva/food/food_ini/app/Controllers/Auth.php(55): CodeIgniter\Model->insert()
#8 /home/maneva/S4-Maneva/food/food_ini/system/CodeIgniter.php(951): App\Controllers\Auth->insertUser()
#9 /home/maneva/S4-Maneva/food/food_ini/system/CodeIgniter.php(497): CodeIgniter\CodeIgniter->runController()
#10 /home/maneva/S4-Maneva/food/food_ini/system/CodeIgniter.php(340): CodeIgniter\CodeIgniter->handleRequest()
#11 /home/maneva/S4-Maneva/food/food_ini/system/Boot.php(417): CodeIgniter\CodeIgniter->run()
#12 /home/maneva/S4-Maneva/food/food_ini/system/Boot.php(68): CodeIgniter\Boot::runCodeIgniter()
#13 /home/maneva/S4-Maneva/food/food_ini/public/index.php(59): CodeIgniter\Boot::bootWeb()
#14 {main}

Next CodeIgniter\Database\Exceptions\DatabaseException: No such file or directory in /home/maneva/S4-Maneva/food/food_ini/system/Database/MySQLi/Connection.php:231
Stack trace:
#0 /home/maneva/S4-Maneva/food/food_ini/system/Database/BaseConnection.php(555): CodeIgniter\Database\MySQLi\Connection->connect()
#1 /home/maneva/S4-Maneva/food/food_ini/system/Database/BaseConnection.php(795): CodeIgniter\Database\BaseConnection->initialize()
#2 /home/maneva/S4-Maneva/food/food_ini/system/Database/BaseBuilder.php(2345): CodeIgniter\Database\BaseConnection->query()
#3 /home/maneva/S4-Maneva/food/food_ini/system/Model.php(355): CodeIgniter\Database\BaseBuilder->insert()
#4 /home/maneva/S4-Maneva/food/food_ini/system/BaseModel.php(899): CodeIgniter\Model->doInsert()
#5 /home/maneva/S4-Maneva/food/food_ini/system/Model.php(668): CodeIgniter\BaseModel->insert()
#6 /home/maneva/S4-Maneva/food/food_ini/app/Controllers/Auth.php(55): CodeIgniter\Model->insert()
#7 /home/maneva/S4-Maneva/food/food_ini/system/CodeIgniter.php(951): App\Controllers\Auth->insertUser()
#8 /home/maneva/S4-Maneva/food/food_ini/system/CodeIgniter.php(497): CodeIgniter\CodeIgniter->runController()
#9 /home/maneva/S4-Maneva/food/food_ini/system/CodeIgniter.php(340): CodeIgniter\CodeIgniter->handleRequest()
#10 /home/maneva/S4-Maneva/food/food_ini/system/Boot.php(417): CodeIgniter\CodeIgniter->run()
#11 /home/maneva/S4-Maneva/food/food_ini/system/Boot.php(68): CodeIgniter\Boot::runCodeIgniter()
#12 /home/maneva/S4-Maneva/food/food_ini/public/index.php(59): CodeIgniter\Boot::bootWeb()
#13 {main}
CRITICAL - 2026-04-28 08:35:24 --> CodeIgniter\Database\Exceptions\DatabaseException: Unable to connect to the database.
Main connection [MySQLi]: No such file or directory
[Method: POST, Route: insertUser]
in SYSTEMPATH/Database/BaseConnection.php on line 606.
 1 SYSTEMPATH/Database/BaseConnection.php(795): CodeIgniter\Database\BaseConnection->initialize()
 2 SYSTEMPATH/Database/BaseBuilder.php(2345): CodeIgniter\Database\BaseConnection->query()
 3 SYSTEMPATH/Model.php(355): CodeIgniter\Database\BaseBuilder->insert()
 4 SYSTEMPATH/BaseModel.php(899): CodeIgniter\Model->doInsert()
 5 SYSTEMPATH/Model.php(668): CodeIgniter\BaseModel->insert()
 6 APPPATH/Controllers/Auth.php(55): CodeIgniter\Model->insert()
 7 SYSTEMPATH/CodeIgniter.php(951): App\Controllers\Auth->insertUser()
 8 SYSTEMPATH/CodeIgniter.php(497): CodeIgniter\CodeIgniter->runController()
 9 SYSTEMPATH/CodeIgniter.php(340): CodeIgniter\CodeIgniter->handleRequest()
10 SYSTEMPATH/Boot.php(417): CodeIgniter\CodeIgniter->run()
11 SYSTEMPATH/Boot.php(68): CodeIgniter\Boot::runCodeIgniter()
12 FCPATH/index.php(59): CodeIgniter\Boot::bootWeb()
ERROR - 2026-04-28 08:39:43 --> Error connecting to the database: mysqli_sql_exception: No such file or directory in /home/maneva/S4-Maneva/food/food_ini/system/Database/MySQLi/Connection.php:201
Stack trace:
#0 /home/maneva/S4-Maneva/food/food_ini/system/Database/MySQLi/Connection.php(201): mysqli->real_connect()
#1 /home/maneva/S4-Maneva/food/food_ini/system/Database/BaseConnection.php(555): CodeIgniter\Database\MySQLi\Connection->connect()
#2 /home/maneva/S4-Maneva/food/food_ini/system/Database/BaseConnection.php(795): CodeIgniter\Database\BaseConnection->initialize()
#3 /home/maneva/S4-Maneva/food/food_ini/system/Database/BaseBuilder.php(2345): CodeIgniter\Database\BaseConnection->query()
#4 /home/maneva/S4-Maneva/food/food_ini/system/Model.php(355): CodeIgniter\Database\BaseBuilder->insert()
#5 /home/maneva/S4-Maneva/food/food_ini/system/BaseModel.php(899): CodeIgniter\Model->doInsert()
#6 /home/maneva/S4-Maneva/food/food_ini/system/Model.php(668): CodeIgniter\BaseModel->insert()
#7 /home/maneva/S4-Maneva/food/food_ini/app/Controllers/Auth.php(55): CodeIgniter\Model->insert()
#8 /home/maneva/S4-Maneva/food/food_ini/system/CodeIgniter.php(951): App\Controllers\Auth->insertUser()
#9 /home/maneva/S4-Maneva/food/food_ini/system/CodeIgniter.php(497): CodeIgniter\CodeIgniter->runController()
#10 /home/maneva/S4-Maneva/food/food_ini/system/CodeIgniter.php(340): CodeIgniter\CodeIgniter->handleRequest()
#11 /home/maneva/S4-Maneva/food/food_ini/system/Boot.php(417): CodeIgniter\CodeIgniter->run()
#12 /home/maneva/S4-Maneva/food/food_ini/system/Boot.php(68): CodeIgniter\Boot::runCodeIgniter()
#13 /home/maneva/S4-Maneva/food/food_ini/public/index.php(59): CodeIgniter\Boot::bootWeb()
#14 {main}

Next CodeIgniter\Database\Exceptions\DatabaseException: No such file or directory in /home/maneva/S4-Maneva/food/food_ini/system/Database/MySQLi/Connection.php:231
Stack trace:
#0 /home/maneva/S4-Maneva/food/food_ini/system/Database/BaseConnection.php(555): CodeIgniter\Database\MySQLi\Connection->connect()
#1 /home/maneva/S4-Maneva/food/food_ini/system/Database/BaseConnection.php(795): CodeIgniter\Database\BaseConnection->initialize()
#2 /home/maneva/S4-Maneva/food/food_ini/system/Database/BaseBuilder.php(2345): CodeIgniter\Database\BaseConnection->query()
#3 /home/maneva/S4-Maneva/food/food_ini/system/Model.php(355): CodeIgniter\Database\BaseBuilder->insert()
#4 /home/maneva/S4-Maneva/food/food_ini/system/BaseModel.php(899): CodeIgniter\Model->doInsert()
#5 /home/maneva/S4-Maneva/food/food_ini/system/Model.php(668): CodeIgniter\BaseModel->insert()
#6 /home/maneva/S4-Maneva/food/food_ini/app/Controllers/Auth.php(55): CodeIgniter\Model->insert()
#7 /home/maneva/S4-Maneva/food/food_ini/system/CodeIgniter.php(951): App\Controllers\Auth->insertUser()
#8 /home/maneva/S4-Maneva/food/food_ini/system/CodeIgniter.php(497): CodeIgniter\CodeIgniter->runController()
#9 /home/maneva/S4-Maneva/food/food_ini/system/CodeIgniter.php(340): CodeIgniter\CodeIgniter->handleRequest()
#10 /home/maneva/S4-Maneva/food/food_ini/system/Boot.php(417): CodeIgniter\CodeIgniter->run()
#11 /home/maneva/S4-Maneva/food/food_ini/system/Boot.php(68): CodeIgniter\Boot::runCodeIgniter()
#12 /home/maneva/S4-Maneva/food/food_ini/public/index.php(59): CodeIgniter\Boot::bootWeb()
#13 {main}
CRITICAL - 2026-04-28 08:39:43 --> CodeIgniter\Database\Exceptions\DatabaseException: Unable to connect to the database.
Main connection [MySQLi]: No such file or directory
[Method: POST, Route: insertUser]
in SYSTEMPATH/Database/BaseConnection.php on line 606.
 1 SYSTEMPATH/Database/BaseConnection.php(795): CodeIgniter\Database\BaseConnection->initialize()
 2 SYSTEMPATH/Database/BaseBuilder.php(2345): CodeIgniter\Database\BaseConnection->query()
 3 SYSTEMPATH/Model.php(355): CodeIgniter\Database\BaseBuilder->insert()
 4 SYSTEMPATH/BaseModel.php(899): CodeIgniter\Model->doInsert()
 5 SYSTEMPATH/Model.php(668): CodeIgniter\BaseModel->insert()
 6 APPPATH/Controllers/Auth.php(55): CodeIgniter\Model->insert()
 7 SYSTEMPATH/CodeIgniter.php(951): App\Controllers\Auth->insertUser()
 8 SYSTEMPATH/CodeIgniter.php(497): CodeIgniter\CodeIgniter->runController()
 9 SYSTEMPATH/CodeIgniter.php(340): CodeIgniter\CodeIgniter->handleRequest()
10 SYSTEMPATH/Boot.php(417): CodeIgniter\CodeIgniter->run()
11 SYSTEMPATH/Boot.php(68): CodeIgniter\Boot::runCodeIgniter()
12 FCPATH/index.php(59): CodeIgniter\Boot::bootWeb()
ERROR - 2026-04-28 08:40:43 --> Error connecting to the database: mysqli_sql_exception: Invalid character set was provided in /home/maneva/S4-Maneva/food/food_ini/system/Database/MySQLi/Connection.php:210
Stack trace:
#0 /home/maneva/S4-Maneva/food/food_ini/system/Database/MySQLi/Connection.php(210): mysqli->set_charset()
#1 /home/maneva/S4-Maneva/food/food_ini/system/Database/BaseConnection.php(555): CodeIgniter\Database\MySQLi\Connection->connect()
#2 /home/maneva/S4-Maneva/food/food_ini/system/Database/BaseConnection.php(795): CodeIgniter\Database\BaseConnection->initialize()
#3 /home/maneva/S4-Maneva/food/food_ini/system/Database/BaseBuilder.php(2345): CodeIgniter\Database\BaseConnection->query()
#4 /home/maneva/S4-Maneva/food/food_ini/system/Model.php(355): CodeIgniter\Database\BaseBuilder->insert()
#5 /home/maneva/S4-Maneva/food/food_ini/system/BaseModel.php(899): CodeIgniter\Model->doInsert()
#6 /home/maneva/S4-Maneva/food/food_ini/system/Model.php(668): CodeIgniter\BaseModel->insert()
#7 /home/maneva/S4-Maneva/food/food_ini/app/Controllers/Auth.php(55): CodeIgniter\Model->insert()
#8 /home/maneva/S4-Maneva/food/food_ini/system/CodeIgniter.php(951): App\Controllers\Auth->insertUser()
#9 /home/maneva/S4-Maneva/food/food_ini/system/CodeIgniter.php(497): CodeIgniter\CodeIgniter->runController()
#10 /home/maneva/S4-Maneva/food/food_ini/system/CodeIgniter.php(340): CodeIgniter\CodeIgniter->handleRequest()
#11 /home/maneva/S4-Maneva/food/food_ini/system/Boot.php(417): CodeIgniter\CodeIgniter->run()
#12 /home/maneva/S4-Maneva/food/food_ini/system/Boot.php(68): CodeIgniter\Boot::runCodeIgniter()
#13 /home/maneva/S4-Maneva/food/food_ini/public/index.php(59): CodeIgniter\Boot::bootWeb()
#14 {main}

Next CodeIgniter\Database\Exceptions\DatabaseException: Invalid character set was provided in /home/maneva/S4-Maneva/food/food_ini/system/Database/MySQLi/Connection.php:231
Stack trace:
#0 /home/maneva/S4-Maneva/food/food_ini/system/Database/BaseConnection.php(555): CodeIgniter\Database\MySQLi\Connection->connect()
#1 /home/maneva/S4-Maneva/food/food_ini/system/Database/BaseConnection.php(795): CodeIgniter\Database\BaseConnection->initialize()
#2 /home/maneva/S4-Maneva/food/food_ini/system/Database/BaseBuilder.php(2345): CodeIgniter\Database\BaseConnection->query()
#3 /home/maneva/S4-Maneva/food/food_ini/system/Model.php(355): CodeIgniter\Database\BaseBuilder->insert()
#4 /home/maneva/S4-Maneva/food/food_ini/system/BaseModel.php(899): CodeIgniter\Model->doInsert()
#5 /home/maneva/S4-Maneva/food/food_ini/system/Model.php(668): CodeIgniter\BaseModel->insert()
#6 /home/maneva/S4-Maneva/food/food_ini/app/Controllers/Auth.php(55): CodeIgniter\Model->insert()
#7 /home/maneva/S4-Maneva/food/food_ini/system/CodeIgniter.php(951): App\Controllers\Auth->insertUser()
#8 /home/maneva/S4-Maneva/food/food_ini/system/CodeIgniter.php(497): CodeIgniter\CodeIgniter->runController()
#9 /home/maneva/S4-Maneva/food/food_ini/system/CodeIgniter.php(340): CodeIgniter\CodeIgniter->handleRequest()
#10 /home/maneva/S4-Maneva/food/food_ini/system/Boot.php(417): CodeIgniter\CodeIgniter->run()
#11 /home/maneva/S4-Maneva/food/food_ini/system/Boot.php(68): CodeIgniter\Boot::runCodeIgniter()
#12 /home/maneva/S4-Maneva/food/food_ini/public/index.php(59): CodeIgniter\Boot::bootWeb()
#13 {main}
CRITICAL - 2026-04-28 08:40:43 --> CodeIgniter\Database\Exceptions\DatabaseException: Unable to connect to the database.
Main connection [MySQLi]: Invalid character set was provided
[Method: POST, Route: insertUser]
in SYSTEMPATH/Database/BaseConnection.php on line 606.
 1 SYSTEMPATH/Database/BaseConnection.php(795): CodeIgniter\Database\BaseConnection->initialize()
 2 SYSTEMPATH/Database/BaseBuilder.php(2345): CodeIgniter\Database\BaseConnection->query()
 3 SYSTEMPATH/Model.php(355): CodeIgniter\Database\BaseBuilder->insert()
 4 SYSTEMPATH/BaseModel.php(899): CodeIgniter\Model->doInsert()
 5 SYSTEMPATH/Model.php(668): CodeIgniter\BaseModel->insert()
 6 APPPATH/Controllers/Auth.php(55): CodeIgniter\Model->insert()
 7 SYSTEMPATH/CodeIgniter.php(951): App\Controllers\Auth->insertUser()
 8 SYSTEMPATH/CodeIgniter.php(497): CodeIgniter\CodeIgniter->runController()
 9 SYSTEMPATH/CodeIgniter.php(340): CodeIgniter\CodeIgniter->handleRequest()
10 SYSTEMPATH/Boot.php(417): CodeIgniter\CodeIgniter->run()
11 SYSTEMPATH/Boot.php(68): CodeIgniter\Boot::runCodeIgniter()
12 FCPATH/index.php(59): CodeIgniter\Boot::bootWeb()
ERROR - 2026-04-28 08:43:18 --> Column 'nom' cannot be null
in SYSTEMPATH/Database/MySQLi/Connection.php on line 300.
 1 SYSTEMPATH/Database/MySQLi/Connection.php(300): mysqli->query()
 2 SYSTEMPATH/Database/BaseConnection.php(910): CodeIgniter\Database\MySQLi\Connection->execute()
 3 SYSTEMPATH/Database/BaseConnection.php(827): CodeIgniter\Database\BaseConnection->simpleQuery()
 4 SYSTEMPATH/Database/BaseBuilder.php(2345): CodeIgniter\Database\BaseConnection->query()
 5 SYSTEMPATH/Model.php(355): CodeIgniter\Database\BaseBuilder->insert()
 6 SYSTEMPATH/BaseModel.php(899): CodeIgniter\Model->doInsert()
 7 SYSTEMPATH/Model.php(668): CodeIgniter\BaseModel->insert()
 8 APPPATH/Controllers/Auth.php(55): CodeIgniter\Model->insert()
 9 SYSTEMPATH/CodeIgniter.php(951): App\Controllers\Auth->insertUser()
10 SYSTEMPATH/CodeIgniter.php(497): CodeIgniter\CodeIgniter->runController()
11 SYSTEMPATH/CodeIgniter.php(340): CodeIgniter\CodeIgniter->handleRequest()
12 SYSTEMPATH/Boot.php(417): CodeIgniter\CodeIgniter->run()
13 SYSTEMPATH/Boot.php(68): CodeIgniter\Boot::runCodeIgniter()
14 FCPATH/index.php(59): CodeIgniter\Boot::bootWeb()
CRITICAL - 2026-04-28 08:43:18 --> CodeIgniter\Database\Exceptions\DatabaseException: Column 'nom' cannot be null
[Method: POST, Route: insertUser]
in SYSTEMPATH/Database/BaseConnection.php on line 865.
 1 SYSTEMPATH/Database/BaseBuilder.php(2345): CodeIgniter\Database\BaseConnection->query()
 2 SYSTEMPATH/Model.php(355): CodeIgniter\Database\BaseBuilder->insert()
 3 SYSTEMPATH/BaseModel.php(899): CodeIgniter\Model->doInsert()
 4 SYSTEMPATH/Model.php(668): CodeIgniter\BaseModel->insert()
 5 APPPATH/Controllers/Auth.php(55): CodeIgniter\Model->insert()
 6 SYSTEMPATH/CodeIgniter.php(951): App\Controllers\Auth->insertUser()
 7 SYSTEMPATH/CodeIgniter.php(497): CodeIgniter\CodeIgniter->runController()
 8 SYSTEMPATH/CodeIgniter.php(340): CodeIgniter\CodeIgniter->handleRequest()
 9 SYSTEMPATH/Boot.php(417): CodeIgniter\CodeIgniter->run()
10 SYSTEMPATH/Boot.php(68): CodeIgniter\Boot::runCodeIgniter()
11 FCPATH/index.php(59): CodeIgniter\Boot::bootWeb()
CRITICAL - 2026-04-28 08:43:18 --> [Caused by] CodeIgniter\Database\Exceptions\DatabaseException: Column 'nom' cannot be null
in SYSTEMPATH/Database/MySQLi/Connection.php on line 310.
 1 SYSTEMPATH/Database/BaseConnection.php(910): CodeIgniter\Database\MySQLi\Connection->execute()
 2 SYSTEMPATH/Database/BaseConnection.php(827): CodeIgniter\Database\BaseConnection->simpleQuery()
 3 SYSTEMPATH/Database/BaseBuilder.php(2345): CodeIgniter\Database\BaseConnection->query()
 4 SYSTEMPATH/Model.php(355): CodeIgniter\Database\BaseBuilder->insert()
 5 SYSTEMPATH/BaseModel.php(899): CodeIgniter\Model->doInsert()
 6 SYSTEMPATH/Model.php(668): CodeIgniter\BaseModel->insert()
 7 APPPATH/Controllers/Auth.php(55): CodeIgniter\Model->insert()
 8 SYSTEMPATH/CodeIgniter.php(951): App\Controllers\Auth->insertUser()
 9 SYSTEMPATH/CodeIgniter.php(497): CodeIgniter\CodeIgniter->runController()
10 SYSTEMPATH/CodeIgniter.php(340): CodeIgniter\CodeIgniter->handleRequest()
11 SYSTEMPATH/Boot.php(417): CodeIgniter\CodeIgniter->run()
12 SYSTEMPATH/Boot.php(68): CodeIgniter\Boot::runCodeIgniter()
13 FCPATH/index.php(59): CodeIgniter\Boot::bootWeb()
CRITICAL - 2026-04-28 08:43:18 --> [Caused by] mysqli_sql_exception: Column 'nom' cannot be null
in SYSTEMPATH/Database/MySQLi/Connection.php on line 300.
 1 SYSTEMPATH/Database/MySQLi/Connection.php(300): mysqli->query()
 2 SYSTEMPATH/Database/BaseConnection.php(910): CodeIgniter\Database\MySQLi\Connection->execute()
 3 SYSTEMPATH/Database/BaseConnection.php(827): CodeIgniter\Database\BaseConnection->simpleQuery()
 4 SYSTEMPATH/Database/BaseBuilder.php(2345): CodeIgniter\Database\BaseConnection->query()
 5 SYSTEMPATH/Model.php(355): CodeIgniter\Database\BaseBuilder->insert()
 6 SYSTEMPATH/BaseModel.php(899): CodeIgniter\Model->doInsert()
 7 SYSTEMPATH/Model.php(668): CodeIgniter\BaseModel->insert()
 8 APPPATH/Controllers/Auth.php(55): CodeIgniter\Model->insert()
 9 SYSTEMPATH/CodeIgniter.php(951): App\Controllers\Auth->insertUser()
10 SYSTEMPATH/CodeIgniter.php(497): CodeIgniter\CodeIgniter->runController()
11 SYSTEMPATH/CodeIgniter.php(340): CodeIgniter\CodeIgniter->handleRequest()
12 SYSTEMPATH/Boot.php(417): CodeIgniter\CodeIgniter->run()
13 SYSTEMPATH/Boot.php(68): CodeIgniter\Boot::runCodeIgniter()
14 FCPATH/index.php(59): CodeIgniter\Boot::bootWeb()
ERROR - 2026-04-28 08:43:49 --> Column 'nom' cannot be null
in SYSTEMPATH/Database/MySQLi/Connection.php on line 300.
 1 SYSTEMPATH/Database/MySQLi/Connection.php(300): mysqli->query()
 2 SYSTEMPATH/Database/BaseConnection.php(910): CodeIgniter\Database\MySQLi\Connection->execute()
 3 SYSTEMPATH/Database/BaseConnection.php(827): CodeIgniter\Database\BaseConnection->simpleQuery()
 4 SYSTEMPATH/Database/BaseBuilder.php(2345): CodeIgniter\Database\BaseConnection->query()
 5 SYSTEMPATH/Model.php(355): CodeIgniter\Database\BaseBuilder->insert()
 6 SYSTEMPATH/BaseModel.php(899): CodeIgniter\Model->doInsert()
 7 SYSTEMPATH/Model.php(668): CodeIgniter\BaseModel->insert()
 8 APPPATH/Controllers/Auth.php(55): CodeIgniter\Model->insert()
 9 SYSTEMPATH/CodeIgniter.php(951): App\Controllers\Auth->insertUser()
10 SYSTEMPATH/CodeIgniter.php(497): CodeIgniter\CodeIgniter->runController()
11 SYSTEMPATH/CodeIgniter.php(340): CodeIgniter\CodeIgniter->handleRequest()
12 SYSTEMPATH/Boot.php(417): CodeIgniter\CodeIgniter->run()
13 SYSTEMPATH/Boot.php(68): CodeIgniter\Boot::runCodeIgniter()
14 FCPATH/index.php(59): CodeIgniter\Boot::bootWeb()
CRITICAL - 2026-04-28 08:43:49 --> CodeIgniter\Database\Exceptions\DatabaseException: Column 'nom' cannot be null
[Method: POST, Route: insertUser]
in SYSTEMPATH/Database/BaseConnection.php on line 865.
 1 SYSTEMPATH/Database/BaseBuilder.php(2345): CodeIgniter\Database\BaseConnection->query()
 2 SYSTEMPATH/Model.php(355): CodeIgniter\Database\BaseBuilder->insert()
 3 SYSTEMPATH/BaseModel.php(899): CodeIgniter\Model->doInsert()
 4 SYSTEMPATH/Model.php(668): CodeIgniter\BaseModel->insert()
 5 APPPATH/Controllers/Auth.php(55): CodeIgniter\Model->insert()
 6 SYSTEMPATH/CodeIgniter.php(951): App\Controllers\Auth->insertUser()
 7 SYSTEMPATH/CodeIgniter.php(497): CodeIgniter\CodeIgniter->runController()
 8 SYSTEMPATH/CodeIgniter.php(340): CodeIgniter\CodeIgniter->handleRequest()
 9 SYSTEMPATH/Boot.php(417): CodeIgniter\CodeIgniter->run()
10 SYSTEMPATH/Boot.php(68): CodeIgniter\Boot::runCodeIgniter()
11 FCPATH/index.php(59): CodeIgniter\Boot::bootWeb()
CRITICAL - 2026-04-28 08:43:49 --> [Caused by] CodeIgniter\Database\Exceptions\DatabaseException: Column 'nom' cannot be null
in SYSTEMPATH/Database/MySQLi/Connection.php on line 310.
 1 SYSTEMPATH/Database/BaseConnection.php(910): CodeIgniter\Database\MySQLi\Connection->execute()
 2 SYSTEMPATH/Database/BaseConnection.php(827): CodeIgniter\Database\BaseConnection->simpleQuery()
 3 SYSTEMPATH/Database/BaseBuilder.php(2345): CodeIgniter\Database\BaseConnection->query()
 4 SYSTEMPATH/Model.php(355): CodeIgniter\Database\BaseBuilder->insert()
 5 SYSTEMPATH/BaseModel.php(899): CodeIgniter\Model->doInsert()
 6 SYSTEMPATH/Model.php(668): CodeIgniter\BaseModel->insert()
 7 APPPATH/Controllers/Auth.php(55): CodeIgniter\Model->insert()
 8 SYSTEMPATH/CodeIgniter.php(951): App\Controllers\Auth->insertUser()
 9 SYSTEMPATH/CodeIgniter.php(497): CodeIgniter\CodeIgniter->runController()
10 SYSTEMPATH/CodeIgniter.php(340): CodeIgniter\CodeIgniter->handleRequest()
11 SYSTEMPATH/Boot.php(417): CodeIgniter\CodeIgniter->run()
12 SYSTEMPATH/Boot.php(68): CodeIgniter\Boot::runCodeIgniter()
13 FCPATH/index.php(59): CodeIgniter\Boot::bootWeb()
CRITICAL - 2026-04-28 08:43:49 --> [Caused by] mysqli_sql_exception: Column 'nom' cannot be null
in SYSTEMPATH/Database/MySQLi/Connection.php on line 300.
 1 SYSTEMPATH/Database/MySQLi/Connection.php(300): mysqli->query()
 2 SYSTEMPATH/Database/BaseConnection.php(910): CodeIgniter\Database\MySQLi\Connection->execute()
 3 SYSTEMPATH/Database/BaseConnection.php(827): CodeIgniter\Database\BaseConnection->simpleQuery()
 4 SYSTEMPATH/Database/BaseBuilder.php(2345): CodeIgniter\Database\BaseConnection->query()
 5 SYSTEMPATH/Model.php(355): CodeIgniter\Database\BaseBuilder->insert()
 6 SYSTEMPATH/BaseModel.php(899): CodeIgniter\Model->doInsert()
 7 SYSTEMPATH/Model.php(668): CodeIgniter\BaseModel->insert()
 8 APPPATH/Controllers/Auth.php(55): CodeIgniter\Model->insert()
 9 SYSTEMPATH/CodeIgniter.php(951): App\Controllers\Auth->insertUser()
10 SYSTEMPATH/CodeIgniter.php(497): CodeIgniter\CodeIgniter->runController()
11 SYSTEMPATH/CodeIgniter.php(340): CodeIgniter\CodeIgniter->handleRequest()
12 SYSTEMPATH/Boot.php(417): CodeIgniter\CodeIgniter->run()
13 SYSTEMPATH/Boot.php(68): CodeIgniter\Boot::runCodeIgniter()
14 FCPATH/index.php(59): CodeIgniter\Boot::bootWeb()
